[33m>[39m Building...
[32m√[39m Building...
[1mInitial chunk files[22m[2m | [22m[1mNames[22m        [2m | [22m[1mRaw size[22m
[32mstyles.css[39m         [2m | [22m[2mstyles[22m       [2m | [22m [36m8.89 kB[39m[2m | [22m
[32mmain.js[39m            [2m | [22m[2mmain[22m         [2m | [22m [36m2.64 kB[39m[2m | [22m
[32mpolyfills.js[39m       [2m | [22m[2mpolyfills[22m    [2m | [22m[36m95 bytes[39m[2m | [22m

[1m [22m                  [2m | [22m[1mInitial total[22m[2m | [22m[1m11.62 kB[22m

[1mLazy chunk files[22m   [2m | [22m[1mNames[22m        [2m | [22m[1mRaw size[22m
[32mchunk-3TEBWWQQ.js[39m  [2m | [22m[2musers-list[22m   [2m | [22m[36m43.27 kB[39m[2m | [22m

Application bundle generation complete. [5.739 seconds] - 2026-07-09T22:29:43.768Z

Watch mode enabled. Watching for file changes...
NOTE: Raw file sizes do not reflect development server per-request transformations.
[2m19:29:44[22m [36m[1m[vite][22m[39m [90m[2m(client)[22m[39m Re-optimizing dependencies because vite config has changed
  [32m➜[39m  [1mLocal[22m:   [36mhttp://127.0.0.1:[1m4300[22m/[39m
[33m>[39m Changes detected. Rebuilding...
[32m√[39m Changes detected. Rebuilding...
[1mInitial chunk files[22m[2m | [22m[1mNames[22m     [2m | [22m[1mRaw size[22m
[32mmain.js[39m            [2m | [22m[2mmain[22m      [2m | [22m [36m2.64 kB[39m[2m | [22m

[1mLazy chunk files[22m   [2m | [22m[1mNames[22m     [2m | [22m[1mRaw size[22m
[32mchunk-KVNBUEXZ.js[39m  [2m | [22m[2musers-list[22m[2m | [22m[36m47.22 kB[39m[2m | [22m

Application bundle generation complete. [7.382 seconds] - 2026-07-09T22:48:17.906Z

Component update sent to client(s).
[33m>[39m Changes detected. Rebuilding...
[32m√[39m Changes detected. Rebuilding...
[1mInitial chunk files[22m[2m | [22m[1mNames[22m     [2m | [22m[1mRaw size[22m
[32mstyles.css[39m         [2m | [22m[2mstyles[22m    [2m | [22m [36m9.00 kB[39m[2m | [22m
[32mmain.js[39m            [2m | [22m[2mmain[22m      [2m | [22m [36m2.64 kB[39m[2m | [22m

[1mLazy chunk files[22m   [2m | [22m[1mNames[22m     [2m | [22m[1mRaw size[22m
[32mchunk-QK2SC5B5.js[39m  [2m | [22m[2musers-list[22m[2m | [22m[36m49.23 kB[39m[2m | [22m

Application bundle generation complete. [4.115 seconds] - 2026-07-09T22:48:22.123Z

Page reload sent to client(s).
[33m>[39m Changes detected. Rebuilding...
[32m√[39m Changes detected. Rebuilding...
[1mInitial chunk files[22m[2m | [22m[1mNames[22m     [2m | [22m[1mRaw size[22m
[32mmain.js[39m            [2m | [22m[2mmain[22m      [2m | [22m [36m2.64 kB[39m[2m | [22m

[1mLazy chunk files[22m   [2m | [22m[1mNames[22m     [2m | [22m[1mRaw size[22m
[32mchunk-JESL7TPI.js[39m  [2m | [22m[2musers-list[22m[2m | [22m[36m48.25 kB[39m[2m | [22m

Application bundle generation complete. [1.409 seconds] - 2026-07-09T22:49:35.498Z

Page reload sent to client(s).
[33m>[39m Changes detected. Rebuilding...
[32m√[39m Changes detected. Rebuilding...
[1mInitial chunk files[22m[2m | [22m[1mNames[22m     [2m | [22m[1mRaw size[22m
[32mmain.js[39m            [2m | [22m[2mmain[22m      [2m | [22m [36m2.64 kB[39m[2m | [22m

[1mLazy chunk files[22m   [2m | [22m[1mNames[22m     [2m | [22m[1mRaw size[22m
[32mchunk-52N2SDWT.js[39m  [2m | [22m[2musers-list[22m[2m | [22m[36m48.29 kB[39m[2m | [22m

Application bundle generation complete. [1.380 seconds] - 2026-07-09T22:52:12.791Z

Component update sent to client(s).
